0 info it worked if it ends with ok
1 verbose cli [ '/home/zaesarpo/anaconda3/bin/node',
1 verbose cli   '/home/zaesarpo/anaconda3/bin/npm',
1 verbose cli   'install',
1 verbose cli   '--save',
1 verbose cli   '-yes',
1 verbose cli   'hardhat' ]
2 info using npm@3.10.10
3 info using node@v6.13.1
4 silly loadCurrentTree Starting
5 silly install loadCurrentTree
6 silly install readLocalPackageData
7 silly fetchPackageMetaData hardhat
8 silly fetchNamedPackageData hardhat
9 silly mapToRegistry name hardhat
10 silly mapToRegistry using default registry
11 silly mapToRegistry registry https://registry.npmjs.org/
12 silly mapToRegistry data Result {
12 silly mapToRegistry   raw: 'hardhat',
12 silly mapToRegistry   scope: null,
12 silly mapToRegistry   escapedName: 'hardhat',
12 silly mapToRegistry   name: 'hardhat',
12 silly mapToRegistry   rawSpec: '',
12 silly mapToRegistry   spec: 'latest',
12 silly mapToRegistry   type: 'tag' }
13 silly mapToRegistry uri https://registry.npmjs.org/hardhat
14 verbose request uri https://registry.npmjs.org/hardhat
15 verbose request no auth needed
16 info attempt registry request try #1 at 10:08:37 AM
17 verbose request id 49aa5e779e13e491
18 verbose etag W/"ee50f705df74a3da946486d1d9a13412"
19 verbose lastModified Tue, 01 Nov 2022 19:38:51 GMT
20 http request GET https://registry.npmjs.org/hardhat
21 http 304 https://registry.npmjs.org/hardhat
22 verbose headers { date: 'Tue, 22 Nov 2022 09:08:37 GMT',
22 verbose headers   connection: 'keep-alive',
22 verbose headers   'cf-ray': '76e08587c9f80422-MAD',
22 verbose headers   'cache-control': 'public, max-age=300',
22 verbose headers   etag: '"ee50f705df74a3da946486d1d9a13412"',
22 verbose headers   'last-modified': 'Tue, 01 Nov 2022 19:38:51 GMT',
22 verbose headers   vary: 'Accept-Encoding',
22 verbose headers   'cf-cache-status': 'REVALIDATED',
22 verbose headers   'x-amz-replication-status': 'COMPLETED',
22 verbose headers   server: 'cloudflare' }
23 silly get cb [ 304,
23 silly get   { date: 'Tue, 22 Nov 2022 09:08:37 GMT',
23 silly get     connection: 'keep-alive',
23 silly get     'cf-ray': '76e08587c9f80422-MAD',
23 silly get     'cache-control': 'public, max-age=300',
23 silly get     etag: '"ee50f705df74a3da946486d1d9a13412"',
23 silly get     'last-modified': 'Tue, 01 Nov 2022 19:38:51 GMT',
23 silly get     vary: 'Accept-Encoding',
23 silly get     'cf-cache-status': 'REVALIDATED',
23 silly get     'x-amz-replication-status': 'COMPLETED',
23 silly get     server: 'cloudflare' } ]
24 verbose etag https://registry.npmjs.org/hardhat from cache
25 verbose get saving hardhat to /home/zaesarpo/.npm/registry.npmjs.org/hardhat/.cache.json
26 verbose correctMkdir /home/zaesarpo/.npm correctMkdir not in flight; initializing
27 silly install normalizeTree
28 silly loadCurrentTree Finishing
29 silly loadIdealTree Starting
30 silly install loadIdealTree
31 silly cloneCurrentTree Starting
32 silly install cloneCurrentTreeToIdealTree
33 silly cloneCurrentTree Finishing
34 silly loadShrinkwrap Starting
35 silly install loadShrinkwrap
36 silly loadShrinkwrap Finishing
37 silly loadAllDepsIntoIdealTree Starting
38 silly install loadAllDepsIntoIdealTree
39 silly rollbackFailedOptional Starting
40 silly rollbackFailedOptional Finishing
41 silly runTopLevelLifecycles Finishing
42 silly install printInstalled
43 verbose stack Error: Refusing to install hardhat as a dependency of itself
43 verbose stack     at checkSelf (/home/zaesarpo/anaconda3/lib/node_modules/npm/lib/install/validate-args.js:53:14)
43 verbose stack     at Array.<anonymous> (/home/zaesarpo/anaconda3/lib/node_modules/npm/node_modules/slide/lib/bind-actor.js:15:8)
43 verbose stack     at LOOP (/home/zaesarpo/anaconda3/lib/node_modules/npm/node_modules/slide/lib/chain.js:15:14)
43 verbose stack     at chain (/home/zaesarpo/anaconda3/lib/node_modules/npm/node_modules/slide/lib/chain.js:20:5)
43 verbose stack     at /home/zaesarpo/anaconda3/lib/node_modules/npm/lib/install/validate-args.js:16:5
43 verbose stack     at /home/zaesarpo/anaconda3/lib/node_modules/npm/node_modules/slide/lib/async-map.js:52:35
43 verbose stack     at Array.forEach (native)
43 verbose stack     at /home/zaesarpo/anaconda3/lib/node_modules/npm/node_modules/slide/lib/async-map.js:52:11
43 verbose stack     at Array.forEach (native)
43 verbose stack     at asyncMap (/home/zaesarpo/anaconda3/lib/node_modules/npm/node_modules/slide/lib/async-map.js:51:8)
44 verbose cwd /home/zaesarpo/Escritorio/coding/Github/learnweb3/NFT-IPFS/hardhat
45 error Linux 5.15.0-53-generic
46 error argv "/home/zaesarpo/anaconda3/bin/node" "/home/zaesarpo/anaconda3/bin/npm" "install" "--save" "-yes" "hardhat"
47 error node v6.13.1
48 error npm  v3.10.10
49 error code ENOSELF
50 error Refusing to install hardhat as a dependency of itself
51 error If you need help, you may report this error at:
51 error     <https://github.com/npm/npm/issues>
52 verbose exit [ 1, true ]
